Using pre-set license
Built from '2020.3/release' branch; Version is '2020.3.2f1 (8fd9074bf66c) revision 9427207'; Using compiler version '192528614'; Build Type 'Release'
OS: 'Windows 10 Pro; OS build 22631.3880; Version 2009; 64bit' Language: 'pt' Physical Memory: 32612 MB
BatchMode: 1, IsHumanControllingUs: 0, StartBugReporterOnCrash: 0, Is64bit: 1, IsPro: 0

 COMMAND LINE ARGUMENTS:
C:\Program Files\Unity\Hub\Editor\2020.3.2f1\Editor\Unity.exe
-adb2
-batchMode
-noUpm
-name
AssetImportWorker0
-projectPath
C:/Users/MateusN/Desktop/Unity/Primeiro Projeto
-logFile
Logs/AssetImportWorker0.log
-srvPort
55794
Successfully changed project path to: C:/Users/MateusN/Desktop/Unity/Primeiro Projeto
C:/Users/MateusN/Desktop/Unity/Primeiro Projeto
Using Asset Import Pipeline V2.
Refreshing native plugins compatible for Editor in 12.44 ms, found 0 plugins.
Preloading 0 native plugins for Editor in 0.00 ms.
Initialize engine version: 2020.3.2f1 (8fd9074bf66c)
[Subsystems] Discovering subsystems at path C:/Program Files/Unity/Hub/Editor/2020.3.2f1/Editor/Data/Resources/UnitySubsystems
[Subsystems] Discovering subsystems at path C:/Users/MateusN/Desktop/Unity/Primeiro Projeto/Assets
GfxDevice: creating device client; threaded=0
Direct3D:
    Version:  Direct3D 11.0 [level 11.1]
    Renderer: NVIDIA GeForce RTX 3060 (ID=0x2487)
    Vendor:   
    VRAM:     12110 MB
    Driver:   32.0.15.5612
Initialize mono
Mono path[0] = 'C:/Program Files/Unity/Hub/Editor/2020.3.2f1/Editor/Data/Managed'
Mono path[1] = 'C:/Program Files/Unity/Hub/Editor/2020.3.2f1/Editor/Data/MonoBleedingEdge/lib/mono/unityjit'
Mono config path = 'C:/Program Files/Unity/Hub/Editor/2020.3.2f1/Editor/Data/MonoBleedingEdge/etc'
Using monoOptions --debugger-agent=transport=dt_socket,embedding=1,server=y,suspend=n,address=127.0.0.1:56764
Begin MonoManager ReloadAssembly
Registering precompiled unity dll's ...
Register platform support module: C:/Program Files/Unity/Hub/Editor/2020.3.2f1/Editor/Data/PlaybackEngines/WindowsStandaloneSupport/UnityEditor.WindowsStandalone.Extensions.dll
Registered in 0.000977 seconds.
Native extension for WindowsStandalone target not found
Refreshing native plugins compatible for Editor in 12.90 ms, found 0 plugins.
Preloading 0 native plugins for Editor in 0.00 ms.
Invoked RoslynAnalysisRunner static constructor.
RoslynAnalysisRunner will not be running.
RoslynAnalysisRunner has terminated.
Mono: successfully reloaded assembly
- Completed reload, in  0.570 seconds
Platform modules already initialized, skipping
Registering precompiled user dll's ...
Registered in 0.000394 seconds.
Begin MonoManager ReloadAssembly
Native extension for WindowsStandalone target not found
Refreshing native plugins compatible for Editor in 0.12 ms, found 0 plugins.
Preloading 0 native plugins for Editor in 0.00 ms.
Invoked RoslynAnalysisRunner static constructor.
RoslynAnalysisRunner will not be running.
RoslynAnalysisRunner has terminated.
Mono: successfully reloaded assembly
- Completed reload, in  0.432 seconds
Platform modules already initialized, skipping
========================================================================
Worker process is ready to serve import requests
Launched and connected shader compiler UnityShaderCompiler.exe after 0.03 seconds
Refreshing native plugins compatible for Editor in 0.12 ms, found 0 plugins.
Preloading 0 native plugins for Editor in 0.00 ms.
Unloading 1115 Unused Serialized files (Serialized files now loaded: 0)
System memory in use before: 57.2 MB.
System memory in use after: 57.2 MB.

Unloading 10 unused Assets to reduce memory usage. Loaded Objects now: 1557.
Total: 1.324800 ms (FindLiveObjects: 0.132000 ms CreateObjectMapping: 0.034800 ms MarkObjects: 1.087400 ms  DeleteObjects: 0.066200 ms)

========================================================================
Received Import Request.
  path: Assets/Scenes/Segundo Level.unity
  artifactKey: Guid(bf789db130ae9cd46b79e08675aac7d7) Importer(815301076,1909f56bfc062723c751e8b465ee728b)
Start importing Assets/Scenes/Segundo Level.unity using Guid(bf789db130ae9cd46b79e08675aac7d7) Importer(815301076,1909f56bfc062723c751e8b465ee728b)  -> (artifact id: '8ab8b75f015d92dedced9d015c4aa3e5') in 0.007941 seconds
  Import took 0.009225 seconds .

========================================================================
Received Import Request.
  Time since last request: 0.000148 seconds.
  path: Assets/Scenes/Primeiro Level.unity
  artifactKey: Guid(afe2695c8ddc65d4fbb6fe6248f79623) Importer(815301076,1909f56bfc062723c751e8b465ee728b)
Start importing Assets/Scenes/Primeiro Level.unity using Guid(afe2695c8ddc65d4fbb6fe6248f79623) Importer(815301076,1909f56bfc062723c751e8b465ee728b)  -> (artifact id: 'a2a8ccb1b6491e42ec88fff5550c9bf5') in 0.001513 seconds
  Import took 0.002658 seconds .

========================================================================
Received Import Request.
  Time since last request: 0.002103 seconds.
  path: Assets/Scenes/Segundo Level.unity
  artifactKey: Guid(bf789db130ae9cd46b79e08675aac7d7) Importer(815301076,1909f56bfc062723c751e8b465ee728b)
Start importing Assets/Scenes/Segundo Level.unity using Guid(bf789db130ae9cd46b79e08675aac7d7) Importer(815301076,1909f56bfc062723c751e8b465ee728b)  -> (artifact id: '8ab8b75f015d92dedced9d015c4aa3e5') in 0.002040 seconds
  Import took 0.003299 seconds .

AssetImportWorkerClient::OnTransportError - code=2 error=End of file
